#
# A fatal error has been detected by the Java Runtime Environment:
#
#  SIGSEGV (0xb) at pc=0x00000001255de3fd, pid=64648, tid=1811
#
# JRE version: Java(TM) SE Runtime Environment (8.0_25-b17) (build 1.8.0_25-b17)
# Java VM: Java HotSpot(TM) 64-Bit Server VM (25.25-b02 mixed mode bsd-amd64 compressed oops)
# Problematic frame:
# C  [libglass.dylib+0x163fd]  GlassScreenDidChangeScreenParameters+0x9d
#
# Failed to write core dump. Core dumps have been disabled. To enable core dumping, try "ulimit -c unlimited" before starting Java again
#
# If you would like to submit a bug report, please visit:
#   http://bugreport.sun.com/bugreport/crash.jsp
#

---------------  T H R E A D  ---------------

Current thread is native thread

siginfo: si_signo: 11 (SIGSEGV), si_code: 1 (SEGV_MAPERR), si_addr: 0x0000000000000000

Registers:
RAX=0x0000000125610e40, RBX=0x0000000000000000, RCX=0x840083d5b9bc7522, RDX=0x00007f92996bff68
RSP=0x00007fff593484c0, RBP=0x00007fff593484d0, RSI=0x00007f9299702fa0, RDI=0x0000000000000000
R8 =0x00007fff59348370, R9 =0x00007fff7dccc300, R10=0x0000000000000000, R11=0x0000000000000246
R12=0x00007f9299619740, R13=0x00000000000f4268, R14=0x00007f92997554c0, R15=0x00007fff59348610
RIP=0x00000001255de3fd, EFLAGS=0x0000000000010202, ERR=0x0000000000000004
  TRAPNO=0x000000000000000e

Top of Stack: (sp=0x00007fff593484c0)
0x00007fff593484c0:   00007fff593486a0 00007f92997554c0
0x00007fff593484d0:   00007fff593484e0 00007fff8fe89cbc
0x00007fff593484e0:   00007fff59348840 00007fff8fd7b1b4
0x00007fff593484f0:   0000000000000000 0000000000000000
0x00007fff59348500:   00007fff59348540 00007fff95bd4be2
0x00007fff59348510:   0000000000001000 0000000000000960
0x00007fff59348520:   0008f8000008f800 00007f92997554c0
0x00007fff59348530:   0000000000000000 00007fff59348610
0x00007fff59348540:   0000000000000000 00007f9299755480
0x00007fff59348550:   00007fff59348690 0000000000000064
0x00007fff59348560:   00000000000f4355 00007f929bc4f600
0x00007fff59348570:   00007f92997384a0 00007f9299619740
0x00007fff59348580:   0000000000000001 00000000000f4268
0x00007fff59348590:   00007f9299619730 00007fff8c8bfacb
0x00007fff593485a0:   0000000000000001 0000000000000001
0x00007fff593485b0:   0000000000000030 0000000000000001
0x00007fff593485c0:   00007fff593485e0 00007fff8c8c5231
0x00007fff593485d0:   00007fff7cd52dd0 0000000000000000
0x00007fff593485e0:   00007fff59348600 000000000000001b
0x00007fff593485f0:   0003390300000000 00007f9299619764
0x00007fff59348600:   0000000000000000 00007fff8fd70c8f
0x00007fff59348610:   00007f92997554c0 00007fff7cd52dd0
0x00007fff59348620:   00007fff593486a0 00007fff8fd797bf
0x00007fff59348630:   00007f92994c5640 00007f9299456ac0
0x00007fff59348640:   00000001068d1a00 0000000000000002
0x00007fff59348650:   00000001068ce000 00007f929bc0ef92
0x00007fff59348660:   0000000000000003 00000001068d1a00
0x00007fff59348670:   00007fff59348760 00007fff8c8be2a2
0x00007fff59348680:   00007f92996541f0 00007fff59348848
0x00007fff59348690:   0000000000000017 0000000000000000
0x00007fff593486a0:   00000000000f4268 00007fff8fd70f83
0x00007fff593486b0:   00007fff00000000 00007f9299437740 

Instructions: (pc=0x00000001255de3fd)
0x00000001255de3dd:   89 df 4c 89 f1 41 ff 90 68 04 00 00 48 8d 05 58
0x00000001255de3ed:   29 03 00 48 8b 30 48 8d 05 46 2a 03 00 48 8b 10
0x00000001255de3fd:   48 8b 0b 30 c0 48 89 df ff 91 68 04 00 00 48 8b
0x00000001255de40d:   03 48 89 df ff 50 78 48 85 c0 74 36 49 89 c6 48 

Register to memory mapping:

RAX=0x0000000125610e40: jScreenNotifySettingsChanged+0 in /Library/Java/JavaVirtualMachines/jdk1.8.0_25.jdk/Contents/Home/jre/lib/libglass.dylib at 0x00000001255c8000
RBX=0x0000000000000000 is an unknown value
RCX=0x840083d5b9bc7522 is an unknown value
RDX=0x00007f92996bff68 is an unknown value
RSP=0x00007fff593484c0 is an unknown value
RBP=0x00007fff593484d0 is an unknown value
RSI=0x00007f9299702fa0 is a global jni handle
RDI=0x0000000000000000 is an unknown value
R8 =0x00007fff59348370 is an unknown value
R9 =0x00007fff7dccc300: _thread+0 in /usr/lib/system/libsystem_pthread.dylib at 0x00007fff95bd3000
R10=0x0000000000000000 is an unknown value
R11=0x0000000000000246 is an unknown value
R12=0x00007f9299619740 is an unknown value
R13=0x00000000000f4268 is an unknown value
R14=0x00007f92997554c0 is an unknown value
R15=0x00007fff59348610 is an unknown value


Stack: [0x00007fff58b4c000,0x00007fff5934c000],  sp=0x00007fff593484c0,  free space=8177k
Native frames: (J=compiled Java code, j=interpreted, Vv=VM code, C=native code)
C  [libglass.dylib+0x163fd]  GlassScreenDidChangeScreenParameters+0x9d
C  [CoreFoundation+0x11ecbc]  __CFNOTIFICATIONCENTER_IS_CALLING_OUT_TO_AN_OBSERVER__+0xc
C  [CoreFoundation+0x101b4]  _CFXNotificationPost+0xc44
C  [Foundation+0x2ea1]  -[NSNotificationCenter postNotificationName:object:userInfo:]+0x42
C  [AppKit+0x362dee]  -[NSApplication _reactToScreenInvalidationImmediately:]+0x17b
C  [AppKit+0x362c2d]  __44-[NSApplication _reactToScreenInvalidation:]_block_invoke+0x4b
C  [CoreFoundation+0x8054c]  __CFRUNLOOP_IS_CALLING_OUT_TO_A_BLOCK__+0xc
C  [CoreFoundation+0x72655]  __CFRunLoopDoBlocks+0x155
C  [CoreFoundation+0x72196]  __CFRunLoopRun+0x716
C  [CoreFoundation+0x71838]  CFRunLoopRunSpecific+0x128
C  [java+0x56cc]  CreateExecutionEnvironment+0x367
C  [java+0x165c]  JLI_Launch+0x7a0
C  [java+0x768a]  main+0x65
C  [java+0xeb4]  start+0x34


---------------  P R O C E S S  ---------------

VM state:not at safepoint (normal execution)

VM Mutex/Monitor currently owned by a thread: None

Heap:
 PSYoungGen      total 76288K, used 65536K [0x000000076ab00000, 0x0000000770000000, 0x00000007c0000000)
  eden space 65536K, 100% used [0x000000076ab00000,0x000000076eb00000,0x000000076eb00000)
  from space 10752K, 0% used [0x000000076f580000,0x000000076f580000,0x0000000770000000)
  to   space 10752K, 0% used [0x000000076eb00000,0x000000076eb00000,0x000000076f580000)
 ParOldGen       total 175104K, used 0K [0x00000006c0000000, 0x00000006cab00000, 0x000000076ab00000)
  object space 175104K, 0% used [0x00000006c0000000,0x00000006c0000000,0x00000006cab00000)
 Metaspace       used 17340K, capacity 17948K, committed 18304K, reserved 1064960K
  class space    used 2400K, capacity 2577K, committed 2688K, reserved 1048576K

Card table byte_map: [0x0000000117613000,0x0000000117e14000] byte_map_base: 0x0000000114013000

Marking Bits: (ParMarkBitMap*) 0x0000000107265390
 Begin Bits: [0x0000000118776000, 0x000000011c776000)
 End Bits:   [0x000000011c776000, 0x0000000120776000)

Polling page: 0x00000001079fe000

CodeCache: size=245760Kb used=7784Kb max_used=7796Kb free=237975Kb
 bounds [0x0000000108253000, 0x0000000108a03000, 0x0000000117253000]
 total_blobs=3222 nmethods=2576 adapters=560
 compilation: enabled

Compilation events (10 events):
Event: 41.174 Thread 0x00007f929980b800 2575       3       com.jawi.usb.UsbProxy$$Lambda$78/1972697434::accept (24 bytes)
Event: 41.175 Thread 0x00007f929980b800 nmethod 2575 0x00000001089ed590 code [0x00000001089ed7a0, 0x00000001089ee198]
Event: 41.175 Thread 0x00007f929980b800 2576       3       com.jawi.usb.UsbProxy::lambda$null$1 (33 bytes)
Event: 41.175 Thread 0x00007f929980b800 nmethod 2576 0x00000001089ee850 code [0x00000001089eea40, 0x00000001089ef298]
Event: 41.175 Thread 0x00007f929980b800 2577       3       com.jawi.game.GameController::setRpm (37 bytes)
Event: 41.176 Thread 0x00007f929980b800 nmethod 2577 0x00000001089ef7d0 code [0x00000001089ef980, 0x00000001089efec8]
Event: 143.350 Thread 0x00007f929a02f800 2579       4       java.util.Random::nextInt (74 bytes)
Event: 143.354 Thread 0x00007f929a02f800 nmethod 2579 0x00000001089f31d0 code [0x00000001089f3320, 0x00000001089f34e8]
Event: 144.267 Thread 0x00007f929a83c000 2580       4       javafx.beans.property.IntegerPropertyBase::set (35 bytes)
Event: 144.269 Thread 0x00007f929a83c000 nmethod 2580 0x00000001089f3650 code [0x00000001089f37a0, 0x00000001089f3898]

GC Heap History (0 events):
No events

Deoptimization events (10 events):
Event: 1.801 Thread 0x00007f929a8cf800 Uncommon trap: reason=unreached action=reinterpret pc=0x00000001085030c8 method=java.util.HashMap.hash(Ljava/lang/Object;)I @ 1
Event: 1.972 Thread 0x00007f929a8cf800 Uncommon trap: reason=class_check action=maybe_recompile pc=0x00000001084ef510 method=java.io.DataInputStream.readShort()S @ 4
Event: 1.972 Thread 0x00007f929a8cf800 Uncommon trap: reason=class_check action=maybe_recompile pc=0x00000001084ef510 method=java.io.DataInputStream.readShort()S @ 4
Event: 1.972 Thread 0x00007f929a8cf800 Uncommon trap: reason=class_check action=maybe_recompile pc=0x00000001084ef510 method=java.io.DataInputStream.readShort()S @ 4
Event: 1.972 Thread 0x00007f929a8cf800 Uncommon trap: reason=class_check action=maybe_recompile pc=0x00000001084ef510 method=java.io.DataInputStream.readShort()S @ 4
Event: 1.979 Thread 0x00007f929a8cf800 Uncommon trap: reason=class_check action=maybe_recompile pc=0x0000000108380648 method=java.lang.String.equals(Ljava/lang/Object;)Z @ 8
Event: 1.979 Thread 0x00007f929a8cf800 Uncommon trap: reason=class_check action=maybe_recompile pc=0x0000000108380648 method=java.lang.String.equals(Ljava/lang/Object;)Z @ 8
Event: 1.979 Thread 0x00007f929a8cf800 Uncommon trap: reason=class_check action=maybe_recompile pc=0x0000000108380648 method=java.lang.String.equals(Ljava/lang/Object;)Z @ 8
Event: 1.979 Thread 0x00007f929a8cf800 Uncommon trap: reason=class_check action=maybe_recompile pc=0x0000000108380648 method=java.lang.String.equals(Ljava/lang/Object;)Z @ 8
Event: 2.079 Thread 0x00007f929a8cf800 Uncommon trap: reason=unreached action=reinterpret pc=0x00000001085114b0 method=java.util.HashMap.putVal(ILjava/lang/Object;Ljava/lang/Object;ZZ)Ljava/lang/Object; @ 193

Internal exceptions (10 events):
Event: 7.482 Thread 0x00007f929a8cf800 Exception <a 'java/security/PrivilegedActionException'> (0x000000076e52b6e0) thrown at [/HUDSON3/workspace/8-2-build-macosx-x86_64/jdk8u25/1514/hotspot/src/share/vm/prims/jvm.cpp, line 1312]
Event: 7.482 Thread 0x00007f929a8cf800 Exception <a 'java/security/PrivilegedActionException'> (0x000000076e52f6b8) thrown at [/HUDSON3/workspace/8-2-build-macosx-x86_64/jdk8u25/1514/hotspot/src/share/vm/prims/jvm.cpp, line 1312]
Event: 7.482 Thread 0x00007f929a8cf800 Exception <a 'java/security/PrivilegedActionException'> (0x000000076e534cb8) thrown at [/HUDSON3/workspace/8-2-build-macosx-x86_64/jdk8u25/1514/hotspot/src/share/vm/prims/jvm.cpp, line 1312]
Event: 7.482 Thread 0x00007f929a8cf800 Exception <a 'java/security/PrivilegedActionException'> (0x000000076e538fe0) thrown at [/HUDSON3/workspace/8-2-build-macosx-x86_64/jdk8u25/1514/hotspot/src/share/vm/prims/jvm.cpp, line 1312]
Event: 7.486 Thread 0x00007f929a8cf800 Exception <a 'java/security/PrivilegedActionException'> (0x000000076e54fca8) thrown at [/HUDSON3/workspace/8-2-build-macosx-x86_64/jdk8u25/1514/hotspot/src/share/vm/prims/jvm.cpp, line 1312]
Event: 7.486 Thread 0x00007f929a8cf800 Exception <a 'java/security/PrivilegedActionException'> (0x000000076e553a58) thrown at [/HUDSON3/workspace/8-2-build-macosx-x86_64/jdk8u25/1514/hotspot/src/share/vm/prims/jvm.cpp, line 1312]
Event: 7.487 Thread 0x00007f929a8cf800 Exception <a 'java/security/PrivilegedActionException'> (0x000000076e563dc0) thrown at [/HUDSON3/workspace/8-2-build-macosx-x86_64/jdk8u25/1514/hotspot/src/share/vm/prims/jvm.cpp, line 1312]
Event: 7.488 Thread 0x00007f929a8cf800 Exception <a 'java/security/PrivilegedActionException'> (0x000000076e5680e8) thrown at [/HUDSON3/workspace/8-2-build-macosx-x86_64/jdk8u25/1514/hotspot/src/share/vm/prims/jvm.cpp, line 1312]
Event: 7.488 Thread 0x00007f929a8cf800 Exception <a 'java/security/PrivilegedActionException'> (0x000000076e56d990) thrown at [/HUDSON3/workspace/8-2-build-macosx-x86_64/jdk8u25/1514/hotspot/src/share/vm/prims/jvm.cpp, line 1312]
Event: 7.488 Thread 0x00007f929a8cf800 Exception <a 'java/security/PrivilegedActionException'> (0x000000076e571df0) thrown at [/HUDSON3/workspace/8-2-build-macosx-x86_64/jdk8u25/1514/hotspot/src/share/vm/prims/jvm.cpp, line 1312]

Events (10 events):
Event: 12.518 loading class javafx/application/Application done
Event: 12.520 loading class com/sun/javafx/tk/quantum/QuantumRenderer
Event: 12.520 loading class com/sun/javafx/tk/quantum/QuantumRenderer done
Event: 12.521 loading class com/sun/javafx/tk/quantum/QuantumToolkit
Event: 12.521 loading class com/sun/javafx/tk/quantum/QuantumToolkit done
Event: 12.521 Thread 0x00007f9299840000 Thread exited: 0x00007f9299840000
Event: 12.521 Thread 0x00007f929b027000 Thread exited: 0x00007f929b027000
Event: 12.521 Thread 0x00007f929a801000 Thread exited: 0x00007f929a801000
Event: 12.521 Thread 0x00007f929b027000 Thread added: 0x00007f929b027000
Event: 12.521 Thread 0x00007f929a8cf800 Thread exited: 0x00007f929a8cf800


Dynamic libraries:
0x000000000c330000 	/System/Library/Frameworks/Cocoa.framework/Versions/A/Cocoa
0x000000000c330000 	/System/Library/Frameworks/Security.framework/Versions/A/Security
0x000000000c330000 	/System/Library/Frameworks/ApplicationServices.framework/Versions/A/ApplicationServices
0x000000000c330000 	/usr/lib/libz.1.dylib
0x000000000c330000 	/usr/lib/libSystem.B.dylib
0x000000000c330000 	/usr/lib/libobjc.A.dylib
0x000000000c330000 	/System/Library/Frameworks/CoreFoundation.framework/Versions/A/CoreFoundation
0x000000000c330000 	/System/Library/Frameworks/Foundation.framework/Versions/C/Foundation
0x000000000c330000 	/System/Library/Frameworks/AppKit.framework/Versions/C/AppKit
0x000000000c330000 	/System/Library/Frameworks/CoreData.framework/Versions/A/CoreData
0x000000000c330000 	/System/Library/PrivateFrameworks/RemoteViewServices.framework/Versions/A/RemoteViewServices
0x000000000c330000 	/System/Library/PrivateFrameworks/UIFoundation.framework/Versions/A/UIFoundation
0x000000000c330000 	/System/Library/Frameworks/IOSurface.framework/Versions/A/IOSurface
0x000000000c330000 	/System/Library/Frameworks/AudioToolbox.framework/Versions/A/AudioToolbox
0x000000000c330000 	/System/Library/Frameworks/AudioUnit.framework/Versions/A/AudioUnit
0x000000000c330000 	/System/Library/PrivateFrameworks/DataDetectorsCore.framework/Versions/A/DataDetectorsCore
0x000000000c330000 	/System/Library/PrivateFrameworks/DesktopServicesPriv.framework/Versions/A/DesktopServicesPriv
0x000000000c330000 	/System/Library/Frameworks/Carbon.framework/Versions/A/Frameworks/HIToolbox.framework/Versions/A/HIToolbox
0x000000000c330000 	/System/Library/Frameworks/QuartzCore.framework/Versions/A/QuartzCore
0x000000000c330000 	/System/Library/Frameworks/Carbon.framework/Versions/A/Frameworks/SpeechRecognition.framework/Versions/A/SpeechRecognition
0x000000000c330000 	/usr/lib/libauto.dylib
0x000000000c330000 	/usr/lib/libicucore.A.dylib
0x000000000c330000 	/usr/lib/libxml2.2.dylib
0x000000000c330000 	/System/Library/PrivateFrameworks/CoreUI.framework/Versions/A/CoreUI
0x000000000c330000 	/System/Library/Frameworks/CoreAudio.framework/Versions/A/CoreAudio
0x000000000c330000 	/System/Library/Frameworks/DiskArbitration.framework/Versions/A/DiskArbitration
0x000000000c330000 	/usr/lib/liblangid.dylib
0x000000000c330000 	/System/Library/PrivateFrameworks/MultitouchSupport.framework/Versions/A/MultitouchSupport
0x000000000c330000 	/System/Library/Frameworks/IOKit.framework/Versions/A/IOKit
0x000000000c330000 	/usr/lib/libDiagnosticMessagesClient.dylib
0x000000000c330000 	/System/Library/Frameworks/CoreServices.framework/Versions/A/CoreServices
0x000000000c330000 	/System/Library/PrivateFrameworks/PerformanceAnalysis.framework/Versions/A/PerformanceAnalysis
0x000000000c330000 	/System/Library/PrivateFrameworks/GenerationalStorage.framework/Versions/A/GenerationalStorage
0x000000000c330000 	/System/Library/Frameworks/OpenGL.framework/Versions/A/OpenGL
0x000000000c330000 	/System/Library/PrivateFrameworks/Sharing.framework/Versions/A/Sharing
0x000000000c330000 	/System/Library/Frameworks/CoreGraphics.framework/Versions/A/CoreGraphics
0x000000000c330000 	/System/Library/Frameworks/CoreText.framework/Versions/A/CoreText
0x000000000c330000 	/System/Library/Frameworks/ImageIO.framework/Versions/A/ImageIO
0x000000000c330000 	/usr/lib/libextension.dylib
0x000000000c330000 	/System/Library/PrivateFrameworks/Backup.framework/Versions/A/Backup
0x000000000c330000 	/usr/lib/libarchive.2.dylib
0x000000000c330000 	/System/Library/Frameworks/CFNetwork.framework/Versions/A/CFNetwork
0x000000000c330000 	/System/Library/Frameworks/SystemConfiguration.framework/Versions/A/SystemConfiguration
0x000000000c330000 	/usr/lib/libCRFSuite.dylib
0x000000000c330000 	/usr/lib/libc++.1.dylib
0x000000000c330000 	/usr/lib/libc++abi.dylib
0x000000000c330000 	/usr/lib/system/libcache.dylib
0x000000000c330000 	/usr/lib/system/libcommonCrypto.dylib
0x000000000c330000 	/usr/lib/system/libcompiler_rt.dylib
0x000000000c330000 	/usr/lib/system/libcopyfile.dylib
0x000000000c330000 	/usr/lib/system/libcorecrypto.dylib
0x000000000c330000 	/usr/lib/system/libdispatch.dylib
0x000000000c330000 	/usr/lib/system/libdyld.dylib
0x000000000c330000 	/usr/lib/system/libkeymgr.dylib
0x000000000c330000 	/usr/lib/system/liblaunch.dylib
0x000000000c330000 	/usr/lib/system/libmacho.dylib
0x000000000c330000 	/usr/lib/system/libquarantine.dylib
0x000000000c330000 	/usr/lib/system/libremovefile.dylib
0x000000000c330000 	/usr/lib/system/libsystem_asl.dylib
0x000000000c330000 	/usr/lib/system/libsystem_blocks.dylib
0x000000000c330000 	/usr/lib/system/libsystem_c.dylib
0x000000000c330000 	/usr/lib/system/libsystem_configuration.dylib
0x000000000c330000 	/usr/lib/system/libsystem_coreservices.dylib
0x000000000c330000 	/usr/lib/system/libsystem_coretls.dylib
0x000000000c330000 	/usr/lib/system/libsystem_dnssd.dylib
0x000000000c330000 	/usr/lib/system/libsystem_info.dylib
0x000000000c330000 	/usr/lib/system/libsystem_kernel.dylib
0x000000000c330000 	/usr/lib/system/libsystem_m.dylib
0x000000000c330000 	/usr/lib/system/libsystem_malloc.dylib
0x000000000c330000 	/usr/lib/system/libsystem_network.dylib
0x000000000c330000 	/usr/lib/system/libsystem_networkextension.dylib
0x000000000c330000 	/usr/lib/system/libsystem_notify.dylib
0x000000000c330000 	/usr/lib/system/libsystem_platform.dylib
0x000000000c330000 	/usr/lib/system/libsystem_pthread.dylib
0x000000000c330000 	/usr/lib/system/libsystem_sandbox.dylib
0x000000000c330000 	/usr/lib/system/libsystem_secinit.dylib
0x000000000c330000 	/usr/lib/system/libsystem_stats.dylib
0x000000000c330000 	/usr/lib/system/libsystem_trace.dylib
0x000000000c330000 	/usr/lib/system/libunc.dylib
0x000000000c330000 	/usr/lib/system/libunwind.dylib
0x000000000c330000 	/usr/lib/system/libxpc.dylib
0x000000000c330000 	/usr/lib/libbz2.1.0.dylib
0x000000000c330000 	/usr/lib/liblzma.5.dylib
0x000000000c330000 	/usr/lib/libbsm.0.dylib
0x000000000c330000 	/usr/lib/libsqlite3.dylib
0x000000000c330000 	/usr/lib/system/libkxld.dylib
0x000000000c330000 	/usr/lib/libxar.1.dylib
0x000000000c330000 	/usr/lib/libpam.2.dylib
0x000000000c330000 	/usr/lib/libOpenScriptingUtil.dylib
0x000000000c330000 	/System/Library/Frameworks/CoreServices.framework/Versions/A/Frameworks/FSEvents.framework/Versions/A/FSEvents
0x000000000c330000 	/System/Library/Frameworks/CoreServices.framework/Versions/A/Frameworks/CarbonCore.framework/Versions/A/CarbonCore
0x000000000c330000 	/System/Library/Frameworks/CoreServices.framework/Versions/A/Frameworks/Metadata.framework/Versions/A/Metadata
0x000000000c330000 	/System/Library/Frameworks/CoreServices.framework/Versions/A/Frameworks/OSServices.framework/Versions/A/OSServices
0x000000000c330000 	/System/Library/Frameworks/CoreServices.framework/Versions/A/Frameworks/SearchKit.framework/Versions/A/SearchKit
0x000000000c330000 	/System/Library/Frameworks/CoreServices.framework/Versions/A/Frameworks/AE.framework/Versions/A/AE
0x000000000c330000 	/System/Library/Frameworks/CoreServices.framework/Versions/A/Frameworks/LaunchServices.framework/Versions/A/LaunchServices
0x000000000c330000 	/System/Library/Frameworks/CoreServices.framework/Versions/A/Frameworks/DictionaryServices.framework/Versions/A/DictionaryServices
0x000000000c330000 	/System/Library/Frameworks/NetFS.framework/Versions/A/NetFS
0x000000000c330000 	/System/Library/PrivateFrameworks/NetAuth.framework/Versions/A/NetAuth
0x000000000c330000 	/System/Library/PrivateFrameworks/login.framework/Versions/A/Frameworks/loginsupport.framework/Versions/A/loginsupport
0x000000000c330000 	/System/Library/PrivateFrameworks/TCC.framework/Versions/A/TCC
0x000000000c330000 	/usr/lib/libmecabra.dylib
0x000000000c330000 	/System/Library/PrivateFrameworks/LanguageModeling.framework/Versions/A/LanguageModeling
0x000000000c330000 	/usr/lib/libcmph.dylib
0x000000000c330000 	/usr/lib/libiconv.2.dylib
0x000000000c330000 	/System/Library/Frameworks/OpenDirectory.framework/Versions/A/Frameworks/CFOpenDirectory.framework/Versions/A/CFOpenDirectory
0x000000000c330000 	/System/Library/Frameworks/ServiceManagement.framework/Versions/A/ServiceManagement
0x000000000c330000 	/usr/lib/libxslt.1.dylib
0x000000000c330000 	/System/Library/Frameworks/Carbon.framework/Versions/A/Frameworks/Ink.framework/Versions/A/Ink
0x000000000c330000 	/System/Library/Frameworks/ApplicationServices.framework/Versions/A/Frameworks/ATS.framework/Versions/A/ATS
0x000000000c330000 	/System/Library/Frameworks/ApplicationServices.framework/Versions/A/Frameworks/ColorSync.framework/Versions/A/ColorSync
0x000000000c330000 	/System/Library/Frameworks/ApplicationServices.framework/Versions/A/Frameworks/HIServices.framework/Versions/A/HIServices
0x000000000c330000 	/System/Library/Frameworks/ApplicationServices.framework/Versions/A/Frameworks/LangAnalysis.framework/Versions/A/LangAnalysis
0x000000000c330000 	/System/Library/Frameworks/ApplicationServices.framework/Versions/A/Frameworks/PrintCore.framework/Versions/A/PrintCore
0x000000000c330000 	/System/Library/Frameworks/ApplicationServices.framework/Versions/A/Frameworks/QD.framework/Versions/A/QD
0x000000000c330000 	/System/Library/Frameworks/ApplicationServices.framework/Versions/A/Frameworks/SpeechSynthesis.framework/Versions/A/SpeechSynthesis
0x000000000c330000 	/System/Library/Frameworks/Accelerate.framework/Versions/A/Accelerate
0x000000000c330000 	/System/Library/Frameworks/Accelerate.framework/Versions/A/Frameworks/vImage.framework/Versions/A/vImage
0x000000000c330000 	/System/Library/Frameworks/Accelerate.framework/Versions/A/Frameworks/vecLib.framework/Versions/A/vecLib
0x000000000c330000 	/System/Library/Frameworks/Accelerate.framework/Versions/A/Frameworks/vecLib.framework/Versions/A/libvDSP.dylib
0x000000000c330000 	/System/Library/Frameworks/Accelerate.framework/Versions/A/Frameworks/vecLib.framework/Versions/A/libvMisc.dylib
0x000000000c330000 	/System/Library/Frameworks/Accelerate.framework/Versions/A/Frameworks/vecLib.framework/Versions/A/libLAPACK.dylib
0x000000000c330000 	/System/Library/Frameworks/Accelerate.framework/Versions/A/Frameworks/vecLib.framework/Versions/A/libBLAS.dylib
0x000000000c330000 	/System/Library/Frameworks/Accelerate.framework/Versions/A/Frameworks/vecLib.framework/Versions/A/libLinearAlgebra.dylib
0x000000000c330000 	/System/Library/Frameworks/ApplicationServices.framework/Versions/A/Frameworks/ATS.framework/Versions/A/Resources/libFontParser.dylib
0x000000000c330000 	/System/Library/Frameworks/ApplicationServices.framework/Versions/A/Frameworks/ATS.framework/Versions/A/Resources/libFontRegistry.dylib
0x000000000c330000 	/System/Library/PrivateFrameworks/AppleVPA.framework/Versions/A/AppleVPA
0x000000000c330000 	/System/Library/PrivateFrameworks/AppleJPEG.framework/Versions/A/AppleJPEG
0x000000000c330000 	/System/Library/Frameworks/ImageIO.framework/Versions/A/Resources/libJPEG.dylib
0x000000000c330000 	/System/Library/Frameworks/ImageIO.framework/Versions/A/Resources/libTIFF.dylib
0x000000000c330000 	/System/Library/Frameworks/ImageIO.framework/Versions/A/Resources/libPng.dylib
0x000000000c330000 	/System/Library/Frameworks/ImageIO.framework/Versions/A/Resources/libGIF.dylib
0x000000000c330000 	/System/Library/Frameworks/ImageIO.framework/Versions/A/Resources/libJP2.dylib
0x000000000c330000 	/System/Library/Frameworks/ImageIO.framework/Versions/A/Resources/libRadiance.dylib
0x000000000c330000 	/System/Library/Frameworks/CoreVideo.framework/Versions/A/CoreVideo
0x000000000c330000 	/System/Library/Frameworks/OpenGL.framework/Versions/A/Libraries/libGLU.dylib
0x000000000c330000 	/System/Library/Frameworks/OpenGL.framework/Versions/A/Libraries/libGFXShared.dylib
0x000000000c330000 	/System/Library/Frameworks/OpenGL.framework/Versions/A/Libraries/libGL.dylib
0x000000000c330000 	/System/Library/Frameworks/OpenGL.framework/Versions/A/Libraries/libGLImage.dylib
0x000000000c330000 	/System/Library/Frameworks/OpenGL.framework/Versions/A/Libraries/libCVMSPluginSupport.dylib
0x000000000c330000 	/System/Library/Frameworks/OpenGL.framework/Versions/A/Libraries/libCoreVMClient.dylib
0x000000000c330000 	/usr/lib/libcups.2.dylib
0x000000000c330000 	/System/Library/Frameworks/Kerberos.framework/Versions/A/Kerberos
0x000000000c330000 	/System/Library/Frameworks/GSS.framework/Versions/A/GSS
0x000000000c330000 	/usr/lib/libresolv.9.dylib
0x000000000c330000 	/System/Library/PrivateFrameworks/Heimdal.framework/Versions/A/Heimdal
0x000000000c330000 	/usr/lib/libheimdal-asn1.dylib
0x000000000c330000 	/System/Library/Frameworks/OpenDirectory.framework/Versions/A/OpenDirectory
0x000000000c330000 	/System/Library/PrivateFrameworks/CommonAuth.framework/Versions/A/CommonAuth
0x000000000c330000 	/System/Library/Frameworks/SecurityFoundation.framework/Versions/A/SecurityFoundation
0x000000000c330000 	/System/Library/Frameworks/QuartzCore.framework/Versions/A/Frameworks/CoreImage.framework/Versions/A/CoreImage
0x000000000c330000 	/System/Library/PrivateFrameworks/CrashReporterSupport.framework/Versions/A/CrashReporterSupport
0x000000000c330000 	/System/Library/Frameworks/OpenCL.framework/Versions/A/OpenCL
0x000000000c330000 	/System/Library/PrivateFrameworks/FaceCore.framework/Versions/A/FaceCore
0x000000000c330000 	/System/Library/PrivateFrameworks/Ubiquity.framework/Versions/A/Ubiquity
0x000000000c330000 	/System/Library/PrivateFrameworks/IconServices.framework/Versions/A/IconServices
0x000000000c330000 	/System/Library/PrivateFrameworks/ChunkingLibrary.framework/Versions/A/ChunkingLibrary
0x000000000c330000 	/System/Library/PrivateFrameworks/Apple80211.framework/Versions/A/Apple80211
0x000000000c330000 	/System/Library/Frameworks/CoreWLAN.framework/Versions/A/CoreWLAN
0x000000000c330000 	/System/Library/Frameworks/IOBluetooth.framework/Versions/A/IOBluetooth
0x000000000c330000 	/System/Library/PrivateFrameworks/CoreWiFi.framework/Versions/A/CoreWiFi
0x000000000c330000 	/System/Library/Frameworks/CoreBluetooth.framework/Versions/A/CoreBluetooth
0x000000000c330000 	/System/Library/PrivateFrameworks/DebugSymbols.framework/Versions/A/DebugSymbols
0x000000000c330000 	/System/Library/PrivateFrameworks/CoreSymbolication.framework/Versions/A/CoreSymbolication
0x000000000c330000 	/System/Library/PrivateFrameworks/Symbolication.framework/Versions/A/Symbolication
0x000000000c330000 	/System/Library/PrivateFrameworks/SpeechRecognitionCore.framework/Versions/A/SpeechRecognitionCore
0x00000001068ff000 	/System/Library/CoreServices/Encodings/libTraditionalChineseConverter.dylib
0x00000001069c8000 	/Library/Java/JavaVirtualMachines/jdk1.8.0_25.jdk/Contents/Home/jre/lib/server/libjvm.dylib
0x000000000c330000 	/usr/lib/libstdc++.6.dylib
0x0000000108200000 	/Library/Java/JavaVirtualMachines/jdk1.8.0_25.jdk/Contents/Home/jre/lib/libverify.dylib
0x000000010820e000 	/Library/Java/JavaVirtualMachines/jdk1.8.0_25.jdk/Contents/Home/jre/lib/libjava.dylib
0x000000010824a000 	/Library/Java/JavaVirtualMachines/jdk1.8.0_25.jdk/Contents/Home/jre/lib/libzip.dylib
0x0000000122d9b000 	/System/Library/Frameworks/JavaVM.framework/Frameworks/JavaRuntimeSupport.framework/JavaRuntimeSupport
0x0000000122db1000 	/System/Library/Frameworks/JavaVM.framework/Versions/A/Frameworks/JavaNativeFoundation.framework/Versions/A/JavaNativeFoundation
0x0000000122dc5000 	/System/Library/Frameworks/JavaVM.framework/Versions/A/JavaVM
0x000000000c330000 	/System/Library/Frameworks/Carbon.framework/Versions/A/Carbon
0x0000000122dd1000 	/System/Library/PrivateFrameworks/JavaLaunching.framework/Versions/A/JavaLaunching
0x000000000c330000 	/System/Library/Frameworks/Carbon.framework/Versions/A/Frameworks/CommonPanels.framework/Versions/A/CommonPanels
0x000000000c330000 	/System/Library/Frameworks/Carbon.framework/Versions/A/Frameworks/Help.framework/Versions/A/Help
0x000000000c330000 	/System/Library/Frameworks/Carbon.framework/Versions/A/Frameworks/ImageCapture.framework/Versions/A/ImageCapture
0x000000000c330000 	/System/Library/Frameworks/Carbon.framework/Versions/A/Frameworks/OpenScripting.framework/Versions/A/OpenScripting
0x000000000c330000 	/System/Library/Frameworks/Carbon.framework/Versions/A/Frameworks/Print.framework/Versions/A/Print
0x000000000c330000 	/System/Library/Frameworks/Carbon.framework/Versions/A/Frameworks/SecurityHI.framework/Versions/A/SecurityHI
0x0000000124d24000 	/Applications/IntelliJ IDEA 14.app/Contents/bin/libbreakgen64.jnilib
0x0000000124eb6000 	/Library/Java/JavaVirtualMachines/jdk1.8.0_25.jdk/Contents/Home/jre/lib/libnet.dylib
0x000000012511b000 	/Library/Java/JavaVirtualMachines/jdk1.8.0_25.jdk/Contents/Home/jre/lib/libprism_es2.dylib
0x000000000c330000 	/System/Library/Frameworks/OpenGL.framework/Versions/A/Resources/GLEngine.bundle/GLEngine
0x000000000c330000 	/System/Library/Frameworks/OpenGL.framework/Versions/A/Libraries/libGLProgrammability.dylib
0x0000000000000000 	/System/Library/Extensions/AppleIntelHD5000GraphicsGLDriver.bundle/Contents/MacOS/AppleIntelHD5000GraphicsGLDriver
0x000000000c330000 	/System/Library/PrivateFrameworks/IOAccelerator.framework/Versions/A/IOAccelerator
0x000000000c330000 	/System/Library/PrivateFrameworks/GPUSupport.framework/Versions/A/Libraries/libGPUSupportMercury.dylib
0x000000000c330000 	/System/Library/Frameworks/OpenGL.framework/Versions/A/Resources/GLRendererFloat.bundle/GLRendererFloat
0x000000000c330000 	/System/Library/Frameworks/OpenCL.framework/Versions/A/Libraries/libcldcpuengine.dylib
0x000000000c330000 	/System/Library/PrivateFrameworks/DiskImages.framework/Versions/A/DiskImages
0x000000000c330000 	/System/Library/Frameworks/DiscRecording.framework/Versions/A/DiscRecording
0x000000000c330000 	/usr/lib/libcsfde.dylib
0x000000000c330000 	/usr/lib/libcurl.4.dylib
0x000000000c330000 	/System/Library/PrivateFrameworks/MediaKit.framework/Versions/A/MediaKit
0x000000000c330000 	/System/Library/PrivateFrameworks/ProtectedCloudStorage.framework/Versions/A/ProtectedCloudStorage
0x000000000c330000 	/usr/lib/libCoreStorage.dylib
0x000000000c330000 	/System/Library/PrivateFrameworks/EFILogin.framework/Versions/A/EFILogin
0x000000000c330000 	/usr/lib/libutil.dylib
0x000000000c330000 	/System/Library/PrivateFrameworks/FindMyDevice.framework/Versions/A/FindMyDevice
0x000000000c330000 	/System/Library/Frameworks/LDAP.framework/Versions/A/LDAP
0x000000000c330000 	/usr/lib/libsasl2.2.dylib
0x000000000c330000 	/System/Library/PrivateFrameworks/CoreDaemon.framework/Versions/B/CoreDaemon
0x000000000c330000 	/usr/lib/libcrypto.0.9.8.dylib
0x000000000c330000 	/System/Library/PrivateFrameworks/AppleSRP.framework/Versions/A/AppleSRP
0x000000000c330000 	/System/Library/PrivateFrameworks/TrustEvaluationAgent.framework/Versions/A/TrustEvaluationAgent
0x00000001255c8000 	/Library/Java/JavaVirtualMachines/jdk1.8.0_25.jdk/Contents/Home/jre/lib/libglass.dylib
0x000000000c330000 	/System/Library/PrivateFrameworks/CoreServicesInternal.framework/Versions/A/CoreServicesInternal
0x000000000c330000 	/System/Library/PrivateFrameworks/CloudDocs.framework/Versions/A/CloudDocs
0x000000000c330000 	/System/Library/PrivateFrameworks/CoreDuet.framework/Versions/A/CoreDuet
0x000000000c330000 	/System/Library/Frameworks/CloudKit.framework/Versions/A/CloudKit
0x000000000c330000 	/System/Library/PrivateFrameworks/ProtocolBuffer.framework/Versions/A/ProtocolBuffer
0x000000000c330000 	/System/Library/PrivateFrameworks/CoreDuetDaemonProtocol.framework/Versions/A/CoreDuetDaemonProtocol
0x000000000c330000 	/System/Library/PrivateFrameworks/CoreDuetDebugLogging.framework/Versions/A/CoreDuetDebugLogging
0x000000000c330000 	/System/Library/Frameworks/CoreLocation.framework/Versions/A/CoreLocation
0x000000000c330000 	/System/Library/Frameworks/Accounts.framework/Versions/A/Accounts
0x000000000c330000 	/System/Library/PrivateFrameworks/ApplePushService.framework/Versions/A/ApplePushService
0x000000000c330000 	/System/Library/PrivateFrameworks/GeoServices.framework/Versions/A/GeoServices
0x000000000c330000 	/System/Library/PrivateFrameworks/OAuth.framework/Versions/A/OAuth
0x000000000c330000 	/System/Library/Frameworks/CoreGraphics.framework/Versions/A/Resources/libCGCMS.A.dylib
0x000000000c330000 	/System/Library/CoreServices/RawCamera.bundle/Contents/MacOS/RawCamera
0x000000000c330000 	/System/Library/Frameworks/CoreGraphics.framework/Versions/A/Resources/libRIP.A.dylib
0x000000000c330000 	/System/Library/PrivateFrameworks/FamilyControls.framework/Versions/A/FamilyControls
0x000000000c330000 	/System/Library/PrivateFrameworks/CommerceKit.framework/Versions/A/Frameworks/CommerceCore.framework/Versions/A/CommerceCore
0x000000000c330000 	/System/Library/PrivateFrameworks/SystemAdministration.framework/Versions/A/SystemAdministration
0x000000000c330000 	/System/Library/PrivateFrameworks/AppContainer.framework/Versions/A/AppContainer
0x000000000c330000 	/System/Library/PrivateFrameworks/SecCodeWrapper.framework/Versions/A/SecCodeWrapper
0x000000000c330000 	/System/Library/Frameworks/DirectoryService.framework/Versions/A/DirectoryService
0x000000000c330000 	/System/Library/PrivateFrameworks/LoginUIKit.framework/Versions/A/Frameworks/LoginUICore.framework/Versions/A/LoginUICore
0x000000000c330000 	/usr/lib/libodfde.dylib
0x0000000129703000 	/Library/Java/JavaVirtualMachines/jdk1.8.0_25.jdk/Contents/Home/jre/lib/libjavafx_font.dylib
0x000000000c330000 	/System/Library/Frameworks/CoreGraphics.framework/Versions/A/Resources/libCGXType.A.dylib
0x000000012bafe000 	/Library/Java/JavaVirtualMachines/jdk1.8.0_25.jdk/Contents/Home/jre/lib/libprism_common.dylib
0x000000012c49c000 	cl_kernels
0x000000012c637000 	/System/Library/Frameworks/OpenCL.framework/Versions/A/Libraries/ImageFormats/unorm8_bgra.dylib
0x000000012c4a2000 	cl_kernels

VM Arguments:
jvm_args: -Didea.launcher.port=7532 -Didea.launcher.bin.path=/Applications/IntelliJ IDEA 14.app/Contents/bin -Dfile.encoding=UTF-8 
java_command: com.intellij.rt.execution.application.AppMain com.jawi.Main
java_class_path (initial): /Library/Java/JavaVirtualMachines/jdk1.8.0_25.jdk/Contents/Home/lib/ant-javafx.jar:/Library/Java/JavaVirtualMachines/jdk1.8.0_25.jdk/Contents/Home/lib/dt.jar:/Library/Java/JavaVirtualMachines/jdk1.8.0_25.jdk/Contents/Home/lib/javafx-mx.jar:/Library/Java/JavaVirtualMachines/jdk1.8.0_25.jdk/Contents/Home/lib/jconsole.jar:/Library/Java/JavaVirtualMachines/jdk1.8.0_25.jdk/Contents/Home/lib/sa-jdi.jar:/Library/Java/JavaVirtualMachines/jdk1.8.0_25.jdk/Contents/Home/lib/tools.jar:/Library/Java/JavaVirtualMachines/jdk1.8.0_25.jdk/Contents/Home/jre/lib/charsets.jar:/Library/Java/JavaVirtualMachines/jdk1.8.0_25.jdk/Contents/Home/jre/lib/deploy.jar:/Library/Java/JavaVirtualMachines/jdk1.8.0_25.jdk/Contents/Home/jre/lib/javaws.jar:/Library/Java/JavaVirtualMachines/jdk1.8.0_25.jdk/Contents/Home/jre/lib/jce.jar:/Library/Java/JavaVirtualMachines/jdk1.8.0_25.jdk/Contents/Home/jre/lib/jfr.jar:/Library/Java/JavaVirtualMachines/jdk1.8.0_25.jdk/Contents/Home/jre/lib/jfxswt.jar:/Library/Java/JavaVirtualMachines/jdk1.8.0_25.jdk/Contents/Home/jre/lib/jsse.jar:/Library/Java/JavaVirtualMachines/jdk1.8.0_25.jdk/Contents/Home/jre/lib/management-agent.jar:/Library/Java/JavaVirtualMachines/jdk1.8.0_25.jdk/Contents/Home/jre/lib/plugin.jar:/Library/Java/JavaVirtualMachines/jdk1.8.0_25.jdk/Contents/Home/jre/lib/resources.jar:/Library/Java/JavaVirtualMachines/jdk1.8.0_25.jdk/Contents/Home/jre/lib/rt.jar:/Library/Java/JavaVirtualMachines/jdk1.8.0_25.jdk/Contents/Home/jre/lib/ext/cldrdata.jar:/Library/Java/JavaVirtualMachines/jdk1.8.0_25.jdk/Contents/Home/jre/lib/ext/dnsns.jar:/Library/Java/JavaVirtualMachines/jdk1.8.0_25.jdk/Contents/Home/jre/lib/ext/jfxrt.jar:/Library/Java/JavaVirtualMachines/jdk1.8.0_25.jdk/Contents/Home/jre/lib/ext/localedata.jar:/Library/Java/JavaVirtualMachines/jdk1.8.0_25.jdk/Contents/Home/jre/lib/ext/nashorn.jar:/Library/Java/JavaVirtualMachines/jdk1.8.0_25.jdk/Contents/Home/jre/lib/ext/sunec.jar:/Library/Java/JavaVirtualMachines/jdk1.8.0_25.jdk/C
Launcher Type: SUN_STANDARD

Environment Variables:
JAVA_HOME=/Library/Java/JavaVirtualMachines/jdk1.7.0_71.jdk/Contents/Home
PATH=/usr/local/bin:/usr/bin:/bin:/usr/sbin:/sbin:/Users/man9527/Documents/tools/gradle-2.2/bin
SHELL=/bin/bash

Signal Handlers:
SIGSEGV: [libjvm.dylib+0x579dc7], sa_mask[0]=11111111011111110111111111111111, sa_flags=SA_ONSTACK|SA_RESTART|SA_SIGINFO
SIGBUS: [libjvm.dylib+0x579dc7], sa_mask[0]=11111111011111110111111111111111, sa_flags=SA_RESTART|SA_SIGINFO
SIGFPE: [libjvm.dylib+0x45b030], sa_mask[0]=11111111011111110111111111111111, sa_flags=SA_RESTART|SA_SIGINFO
SIGPIPE: [libjvm.dylib+0x45b030], sa_mask[0]=11111111011111110111111111111111, sa_flags=SA_RESTART|SA_SIGINFO
SIGXFSZ: [libjvm.dylib+0x45b030], sa_mask[0]=11111111011111110111111111111111, sa_flags=SA_RESTART|SA_SIGINFO
SIGILL: [libjvm.dylib+0x45b030], sa_mask[0]=11111111011111110111111111111111, sa_flags=SA_RESTART|SA_SIGINFO
SIGUSR1: SIG_DFL, sa_mask[0]=00000000000000000000000000000000, sa_flags=none
SIGUSR2: [libjvm.dylib+0x45ab4e], sa_mask[0]=00100000000000000000000000000000, sa_flags=SA_RESTART|SA_SIGINFO
SIGHUP: [libjvm.dylib+0x459121], sa_mask[0]=11111111011111110111111111111111, sa_flags=SA_RESTART|SA_SIGINFO
SIGINT: [libjvm.dylib+0x459121], sa_mask[0]=11111111011111110111111111111111, sa_flags=SA_RESTART|SA_SIGINFO
SIGTERM: [libjvm.dylib+0x459121], sa_mask[0]=11111111011111110111111111111111, sa_flags=SA_RESTART|SA_SIGINFO
SIGQUIT: [libjvm.dylib+0x459121], sa_mask[0]=11111111011111110111111111111111, sa_flags=SA_RESTART|SA_SIGINFO


---------------  S Y S T E M  ---------------

OS:Bsduname:Darwin 14.0.0 Darwin Kernel Version 14.0.0: Fri Sep 19 00:26:44 PDT 2014; root:xnu-2782.1.97~2/RELEASE_X86_64 x86_64
rlimit: STACK 8192k, CORE 0k, NPROC 709, NOFILE 10240, AS infinity
load average:6.08 4.80 3.73

CPU:total 4 (2 cores per cpu, 2 threads per core) family 6 model 69 stepping 1, cmov, cx8, fxsr, mmx, sse, sse2, sse3, ssse3, sse4.1, sse4.2, popcnt, avx, avx2, aes, clmul, erms, lzcnt, ht, tsc, tscinvbit, bmi1, bmi2

Memory: 4k page, physical 16777216k(530204k free)

/proc/meminfo:


vm_info: Java HotSpot(TM) 64-Bit Server VM (25.25-b02) for bsd-amd64 JRE (1.8.0_25-b17), built on Sep 17 2014 16:56:50 by "java_re" with gcc 4.2.1 (Based on Apple Inc. build 5658) (LLVM build 2336.11.00)

time: Mon Mar  9 11:31:46 2015
elapsed time: 209 seconds (0d 0h 3m 29s)

